
2019-03-26 10:13:52...installerHook: Info: custom/install/install_hooks.php not present, no custom hooks to execute
2019-03-26 10:13:52...installerHook: Info: custom/install/install_hooks.php not present, no custom hooks to execute
2019-03-26 10:13:56...Begin System Check Process *************
2019-03-26 10:13:56...XML Parsing Support Found
2019-03-26 10:13:56...MBString Support Found
2019-03-26 10:13:56...ZIP Support Found
2019-03-26 10:13:56.../custom directory and subdirectory check passed
2019-03-26 10:13:56...cache directory and subdirectory check passed
2019-03-26 10:13:56.../module  directory and subdirectory check passed
2019-03-26 10:13:56.../upload directory check passed
2019-03-26 10:13:56.../zip check passed
2019-03-26 10:13:56...PCRE version check passed
2019-03-26 10:13:56...installerHook: Info: custom/install/install_hooks.php not present, no custom hooks to execute
2019-03-26 10:13:56...php.ini location found. /opt/lampp/etc/php.ini
2019-03-26 10:13:56...Outputting HTML for System check
2019-03-26 10:13:56...No Errors were found *************
2019-03-26 10:13:56...installerHook: Info: custom/install/install_hooks.php not present, no custom hooks to execute
2019-03-26 10:14:07...installerHook: Info: custom/install/install_hooks.php not present, no custom hooks to execute
2019-03-26 10:14:49...Begin DB Check Process *************
2019-03-26 10:14:49...testing with mysql:mysqli
2019-03-26 10:14:49...Basic form info is valid, continuing Process.
2019-03-26 10:14:49...Testing user account...
2019-03-26 10:14:49...Connection made using  host: localhost, usr: root
2019-03-26 10:14:49...SUCCESS:: no errors detected!
2019-03-26 10:14:49...End DB Check Process *************
2019-03-26 10:14:49...installerHook: Info: custom/install/install_hooks.php not present, no custom hooks to execute
2019-03-26 10:14:49...calling handleSugarConfig()
2019-03-26 10:14:49...calling handleHtaccess()
2019-03-26 10:14:49...calling handleDbCreateDatabase()
2019-03-26 10:14:49...looping through all the Beans and create their tables
2019-03-26 10:14:49...processing table acl_actions
2019-03-26 10:14:50...creating table acl_actions
2019-03-26 10:14:50...creating Relationship Meta for ACLAction
2019-03-26 10:14:50...processing table acl_roles
2019-03-26 10:14:50...creating table acl_roles
2019-03-26 10:14:50...creating Relationship Meta for ACLRole
2019-03-26 10:14:50...processing table relationships
2019-03-26 10:14:51...creating table relationships
2019-03-26 10:14:51...creating Relationship Meta for Relationship
2019-03-26 10:14:51...processing table leads
2019-03-26 10:14:52...creating table leads
2019-03-26 10:14:52...creating Relationship Meta for Lead
2019-03-26 10:14:53...processing table cases
2019-03-26 10:14:54...creating table cases
2019-03-26 10:14:54...creating Relationship Meta for Case
2019-03-26 10:14:55...processing table bugs
2019-03-26 10:14:56...creating table bugs
2019-03-26 10:14:56...creating Relationship Meta for Bug
2019-03-26 10:14:57...processing table users
2019-03-26 10:14:58...creating table users
2019-03-26 10:14:58...creating Relationship Meta for User
2019-03-26 10:14:58...processing table campaign_log
2019-03-26 10:14:59...creating table campaign_log
2019-03-26 10:14:59...creating Relationship Meta for CampaignLog
2019-03-26 10:14:59...processing table project
2019-03-26 10:15:00...creating table project
2019-03-26 10:15:00...creating Relationship Meta for Project
2019-03-26 10:15:01...processing table project_task
2019-03-26 10:15:02...creating table project_task
2019-03-26 10:15:02...creating Relationship Meta for ProjectTask
2019-03-26 10:15:02...processing table campaigns
2019-03-26 10:15:04...creating table campaigns
2019-03-26 10:15:04...creating Relationship Meta for Campaign
2019-03-26 10:15:05...processing table prospect_lists
2019-03-26 10:15:06...creating table prospect_lists
2019-03-26 10:15:06...creating Relationship Meta for ProspectList
2019-03-26 10:15:06...processing table prospects
2019-03-26 10:15:07...creating table prospects
2019-03-26 10:15:07...creating Relationship Meta for Prospect
2019-03-26 10:15:07...processing table email_marketing
2019-03-26 10:15:08...creating table email_marketing
2019-03-26 10:15:08...creating Relationship Meta for EmailMarketing
2019-03-26 10:15:08...processing table campaign_trkrs
2019-03-26 10:15:09...creating table campaign_trkrs
2019-03-26 10:15:09...creating Relationship Meta for CampaignTracker
2019-03-26 10:15:09...processing table releases
2019-03-26 10:15:09...creating table releases
2019-03-26 10:15:09...creating Relationship Meta for Release
2019-03-26 10:15:09...processing table emailman
2019-03-26 10:15:09...creating table emailman
2019-03-26 10:15:09...creating Relationship Meta for EmailMan
2019-03-26 10:15:10...processing table schedulers
2019-03-26 10:15:10...creating table schedulers
2019-03-26 10:15:10...creating Relationship Meta for Scheduler
2019-03-26 10:15:10...processing table job_queue
2019-03-26 10:15:11...creating table job_queue
2019-03-26 10:15:11...creating Relationship Meta for SchedulersJob
2019-03-26 10:15:11...processing table contacts
2019-03-26 10:15:12...creating table contacts
2019-03-26 10:15:12...creating Relationship Meta for Contact
2019-03-26 10:15:13...processing table accounts
2019-03-26 10:15:15...creating table accounts
2019-03-26 10:15:15...creating Relationship Meta for Account
2019-03-26 10:15:16...processing table opportunities
2019-03-26 10:15:17...creating table opportunities
2019-03-26 10:15:17...creating Relationship Meta for Opportunity
2019-03-26 10:15:18...processing table email_templates
2019-03-26 10:15:19...creating table email_templates
2019-03-26 10:15:19...creating Relationship Meta for EmailTemplate
2019-03-26 10:15:19...processing table notes
2019-03-26 10:15:20...creating table notes
2019-03-26 10:15:20...creating Relationship Meta for Note
2019-03-26 10:15:20...processing table calls
2019-03-26 10:15:22...creating table calls
2019-03-26 10:15:22...creating Relationship Meta for Call
2019-03-26 10:15:22...processing table emails
2019-03-26 10:15:23...creating table emails
2019-03-26 10:15:23...creating Relationship Meta for Email
2019-03-26 10:15:24...processing table meetings
2019-03-26 10:15:25...creating table meetings
2019-03-26 10:15:25...creating Relationship Meta for Meeting
2019-03-26 10:15:25...processing table tasks
2019-03-26 10:15:26...creating table tasks
2019-03-26 10:15:26...creating Relationship Meta for Task
2019-03-26 10:15:26...processing table users
2019-03-26 10:15:26...processing table users
2019-03-26 10:15:26...processing table currencies
2019-03-26 10:15:27...creating table currencies
2019-03-26 10:15:27...creating Relationship Meta for Currency
2019-03-26 10:15:27...processing table tracker
2019-03-26 10:15:27...creating table tracker
2019-03-26 10:15:27...creating Relationship Meta for Tracker
2019-03-26 10:15:27...processing table import_maps
2019-03-26 10:15:28...creating table import_maps
2019-03-26 10:15:28...creating Relationship Meta for ImportMap
2019-03-26 10:15:28...processing table users_last_import
2019-03-26 10:15:28...creating table users_last_import
2019-03-26 10:15:28...creating Relationship Meta for UsersLastImport
2019-03-26 10:15:28...processing table config
2019-03-26 10:15:29...creating table config
2019-03-26 10:15:29...creating Relationship Meta for Administration
2019-03-26 10:15:29...processing table upgrade_history
2019-03-26 10:15:29...creating table upgrade_history
2019-03-26 10:15:29...creating Relationship Meta for UpgradeHistory
2019-03-26 10:15:29...processing table vcals
2019-03-26 10:15:29...creating table vcals
2019-03-26 10:15:29...creating Relationship Meta for vCal
2019-03-26 10:15:29...processing table alerts
2019-03-26 10:15:30...creating table alerts
2019-03-26 10:15:30...creating Relationship Meta for Alert
2019-03-26 10:15:30...processing table roles
2019-03-26 10:15:30...creating table roles
2019-03-26 10:15:30...creating Relationship Meta for Role
2019-03-26 10:15:30...processing table documents
2019-03-26 10:15:32...creating table documents
2019-03-26 10:15:32...creating Relationship Meta for Document
2019-03-26 10:15:32...processing table document_revisions
2019-03-26 10:15:33...creating table document_revisions
2019-03-26 10:15:33...creating Relationship Meta for DocumentRevision
2019-03-26 10:15:33...processing table fields_meta_data
2019-03-26 10:15:33...creating table fields_meta_data
2019-03-26 10:15:33...creating Relationship Meta for FieldsMetaData
2019-03-26 10:15:33...processing table inbound_email
2019-03-26 10:15:34...creating table inbound_email
2019-03-26 10:15:34...creating Relationship Meta for InboundEmail
2019-03-26 10:15:34...processing table saved_search
2019-03-26 10:15:35...creating table saved_search
2019-03-26 10:15:35...creating Relationship Meta for SavedSearch
2019-03-26 10:15:35...processing table user_preferences
2019-03-26 10:15:35...creating table user_preferences
2019-03-26 10:15:35...creating Relationship Meta for UserPreference
2019-03-26 10:15:35...processing table 
2019-03-26 10:15:35...processing table email_addresses
2019-03-26 10:15:36...creating table email_addresses
2019-03-26 10:15:36...creating Relationship Meta for EmailAddress
2019-03-26 10:15:36...processing table emails_text
2019-03-26 10:15:37...creating table emails_text
2019-03-26 10:15:37...creating Relationship Meta for EmailText
2019-03-26 10:15:37...processing table spots
2019-03-26 10:15:37...creating table spots
2019-03-26 10:15:37...creating Relationship Meta for Spots
2019-03-26 10:15:38...processing table aobh_businesshours
2019-03-26 10:15:38...creating table aobh_businesshours
2019-03-26 10:15:38...creating Relationship Meta for AOBH_BusinessHours
2019-03-26 10:15:38...processing table sugarfeed
2019-03-26 10:15:39...creating table sugarfeed
2019-03-26 10:15:39...creating Relationship Meta for SugarFeed
2019-03-26 10:15:39...processing table eapm
2019-03-26 10:15:40...creating table eapm
2019-03-26 10:15:40...creating Relationship Meta for EAPM
2019-03-26 10:15:40...processing table oauth_consumer
2019-03-26 10:15:41...creating table oauth_consumer
2019-03-26 10:15:41...creating Relationship Meta for OAuthKey
2019-03-26 10:15:41...processing table oauth_tokens
2019-03-26 10:15:41...creating table oauth_tokens
2019-03-26 10:15:41...creating Relationship Meta for OAuthToken
2019-03-26 10:15:41...processing table am_projecttemplates
2019-03-26 10:15:43...creating table am_projecttemplates
2019-03-26 10:15:43...creating Relationship Meta for AM_ProjectTemplates
2019-03-26 10:15:43...processing table am_tasktemplates
2019-03-26 10:15:44...creating table am_tasktemplates
2019-03-26 10:15:44...creating Relationship Meta for AM_TaskTemplates
2019-03-26 10:15:44...processing table favorites
2019-03-26 10:15:45...creating table favorites
2019-03-26 10:15:45...creating Relationship Meta for Favorites
2019-03-26 10:15:45...processing table aok_knowledge_base_categories
2019-03-26 10:15:46...creating table aok_knowledge_base_categories
2019-03-26 10:15:46...creating Relationship Meta for AOK_Knowledge_Base_Categories
2019-03-26 10:15:46...processing table aok_knowledgebase
2019-03-26 10:15:48...creating table aok_knowledgebase
2019-03-26 10:15:48...creating Relationship Meta for AOK_KnowledgeBase
2019-03-26 10:15:48...processing table reminders
2019-03-26 10:15:49...creating table reminders
2019-03-26 10:15:49...creating Relationship Meta for Reminder
2019-03-26 10:15:49...processing table reminders_invitees
2019-03-26 10:15:50...creating table reminders_invitees
2019-03-26 10:15:50...creating Relationship Meta for Reminder_Invitee
2019-03-26 10:15:50...processing table fp_events
2019-03-26 10:15:51...creating table fp_events
2019-03-26 10:15:51...creating Relationship Meta for FP_events
2019-03-26 10:15:51...processing table fp_event_locations
2019-03-26 10:15:53...creating table fp_event_locations
2019-03-26 10:15:53...creating Relationship Meta for FP_Event_Locations
2019-03-26 10:15:53...processing table aod_indexevent
2019-03-26 10:15:55...creating table aod_indexevent
2019-03-26 10:15:55...creating Relationship Meta for AOD_IndexEvent
2019-03-26 10:15:55...processing table aod_index
2019-03-26 10:15:57...creating table aod_index
2019-03-26 10:15:57...creating Relationship Meta for AOD_Index
2019-03-26 10:15:57...processing table aop_case_events
2019-03-26 10:15:59...creating table aop_case_events
2019-03-26 10:15:59...creating Relationship Meta for AOP_Case_Events
2019-03-26 10:16:00...processing table aop_case_updates
2019-03-26 10:16:02...creating table aop_case_updates
2019-03-26 10:16:02...creating Relationship Meta for AOP_Case_Updates
2019-03-26 10:16:02...processing table aor_reports
2019-03-26 10:16:03...creating table aor_reports
2019-03-26 10:16:03...creating Relationship Meta for AOR_Report
2019-03-26 10:16:04...processing table aor_fields
2019-03-26 10:16:04...creating table aor_fields
2019-03-26 10:16:04...creating Relationship Meta for AOR_Field
2019-03-26 10:16:04...processing table aor_charts
2019-03-26 10:16:05...creating table aor_charts
2019-03-26 10:16:05...creating Relationship Meta for AOR_Chart
2019-03-26 10:16:05...processing table aor_conditions
2019-03-26 10:16:06...creating table aor_conditions
2019-03-26 10:16:06...creating Relationship Meta for AOR_Condition
2019-03-26 10:16:06...processing table aor_scheduled_reports
2019-03-26 10:16:07...creating table aor_scheduled_reports
2019-03-26 10:16:07...creating Relationship Meta for AOR_Scheduled_Reports
2019-03-26 10:16:07...processing table aos_contracts
2019-03-26 10:16:08...creating table aos_contracts
2019-03-26 10:16:08...creating Relationship Meta for AOS_Contracts
2019-03-26 10:16:09...processing table aos_invoices
2019-03-26 10:16:10...creating table aos_invoices
2019-03-26 10:16:10...creating Relationship Meta for AOS_Invoices
2019-03-26 10:16:11...processing table aos_pdf_templates
2019-03-26 10:16:12...creating table aos_pdf_templates
2019-03-26 10:16:12...creating Relationship Meta for AOS_PDF_Templates
2019-03-26 10:16:13...processing table aos_product_categories
2019-03-26 10:16:15...creating table aos_product_categories
2019-03-26 10:16:15...creating Relationship Meta for AOS_Product_Categories
2019-03-26 10:16:15...processing table aos_products
2019-03-26 10:16:17...creating table aos_products
2019-03-26 10:16:17...creating Relationship Meta for AOS_Products
2019-03-26 10:16:17...processing table aos_products_quotes
2019-03-26 10:16:18...creating table aos_products_quotes
2019-03-26 10:16:18...creating Relationship Meta for AOS_Products_Quotes
2019-03-26 10:16:18...processing table aos_line_item_groups
2019-03-26 10:16:19...creating table aos_line_item_groups
2019-03-26 10:16:19...creating Relationship Meta for AOS_Line_Item_Groups
2019-03-26 10:16:19...processing table aos_quotes
2019-03-26 10:16:20...creating table aos_quotes
2019-03-26 10:16:20...creating Relationship Meta for AOS_Quotes
2019-03-26 10:16:21...processing table aow_actions
2019-03-26 10:16:21...creating table aow_actions
2019-03-26 10:16:21...creating Relationship Meta for AOW_Action
2019-03-26 10:16:21...processing table aow_workflow
2019-03-26 10:16:22...creating table aow_workflow
2019-03-26 10:16:22...creating Relationship Meta for AOW_WorkFlow
2019-03-26 10:16:23...processing table aow_processed
2019-03-26 10:16:24...creating table aow_processed
2019-03-26 10:16:24...creating Relationship Meta for AOW_Processed
2019-03-26 10:16:24...processing table aow_conditions
2019-03-26 10:16:25...creating table aow_conditions
2019-03-26 10:16:25...creating Relationship Meta for AOW_Condition
2019-03-26 10:16:25...processing table jjwg_maps
2019-03-26 10:16:27...creating table jjwg_maps
2019-03-26 10:16:27...creating Relationship Meta for jjwg_Maps
2019-03-26 10:16:27...processing table jjwg_markers
2019-03-26 10:16:29...creating table jjwg_markers
2019-03-26 10:16:29...creating Relationship Meta for jjwg_Markers
2019-03-26 10:16:30...processing table jjwg_areas
2019-03-26 10:16:31...creating table jjwg_areas
2019-03-26 10:16:31...creating Relationship Meta for jjwg_Areas
2019-03-26 10:16:31...processing table jjwg_address_cache
2019-03-26 10:16:33...creating table jjwg_address_cache
2019-03-26 10:16:33...creating Relationship Meta for jjwg_Address_Cache
2019-03-26 10:16:33...processing table calls_reschedule
2019-03-26 10:16:34...creating table calls_reschedule
2019-03-26 10:16:34...creating Relationship Meta for Calls_Reschedule
2019-03-26 10:16:35...processing table securitygroups
2019-03-26 10:16:36...creating table securitygroups
2019-03-26 10:16:36...creating Relationship Meta for SecurityGroup
2019-03-26 10:16:37...processing table outbound_email
2019-03-26 10:16:38...creating table outbound_email
2019-03-26 10:16:38...creating Relationship Meta for OutboundEmailAccounts
2019-03-26 10:16:38...processing table templatesectionline
2019-03-26 10:16:39...creating table templatesectionline
2019-03-26 10:16:39...creating Relationship Meta for TemplateSectionLine
2019-03-26 10:16:39...processing table oauth2tokens
2019-03-26 10:16:39...creating table oauth2tokens
2019-03-26 10:16:39...creating Relationship Meta for OAuth2Tokens
2019-03-26 10:16:39...processing table oauth2clients
2019-03-26 10:16:40...creating table oauth2clients
2019-03-26 10:16:40...creating Relationship Meta for OAuth2Clients
2019-03-26 10:16:40...processing table surveyresponses
2019-03-26 10:16:42...creating table surveyresponses
2019-03-26 10:16:42...creating Relationship Meta for SurveyResponses
2019-03-26 10:16:42...processing table surveys
2019-03-26 10:16:43...creating table surveys
2019-03-26 10:16:43...creating Relationship Meta for Surveys
2019-03-26 10:16:43...processing table surveyquestionresponses
2019-03-26 10:16:45...creating table surveyquestionresponses
2019-03-26 10:16:45...creating Relationship Meta for SurveyQuestionResponses
2019-03-26 10:16:45...processing table surveyquestions
2019-03-26 10:16:46...creating table surveyquestions
2019-03-26 10:16:46...creating Relationship Meta for SurveyQuestions
2019-03-26 10:16:46...processing table surveyquestionoptions
2019-03-26 10:16:48...creating table surveyquestionoptions
2019-03-26 10:16:48...creating Relationship Meta for SurveyQuestionOptions
2019-03-26 10:17:28...Begin creating Defaults
2019-03-26 10:17:28...insert defaults into config table
2019-03-26 10:17:28...Creating default users
2019-03-26 10:17:29...Creating default scheduler jobs
2019-03-26 10:17:30...Enable SugarFeeds
2019-03-26 10:17:30...Installation has completed *********
2019-03-26 10:18:22...populating the db with seed data
2019-03-26 10:18:22...Save configuration settings..
2019-03-26 10:18:22...save locale
2019-03-26 10:18:22...new Administration
2019-03-26 10:18:22...retrieveSettings
2019-03-26 10:18:22...AdminWizard OFF
2019-03-26 10:18:22...saveConfig
2019-03-26 10:18:22...new Configurator
2019-03-26 10:18:22...populateFromPost
2019-03-26 10:18:22...handleOverride
2019-03-26 10:18:22...addCronAllowedUser
2019-03-26 10:18:22...saveConfig
2019-03-26 10:18:22...new Currency
2019-03-26 10:18:22...retrieve
2019-03-26 10:18:22...DBG: save currency
2019-03-26 10:18:22...Save user settings..
2019-03-26 10:18:22...DBG: SugarThemeRegistry::getDefault
2019-03-26 10:20:19...installerHook: Info: custom/install/install_hooks.php not present, no custom hooks to execute