[2019-04-09 07:43:15] ElasticSearchIndexer.INFO: Starting indexing procedures [] []
[2019-04-09 07:43:15] ElasticSearchIndexer.DEBUG: Indexing is performed using JsonSerializerDocumentifier [] []
[2019-04-09 07:43:15] ElasticSearchIndexer.DEBUG: Reading lock file cache/ElasticSearchIndexer.lock [] []
[2019-04-09 07:43:15] ElasticSearchIndexer.DEBUG: Lock file not found [] []
[2019-04-09 07:43:15] ElasticSearchIndexer.DEBUG: A full indexing will be performed [] []
[2019-04-26 07:52:27] ElasticSearchIndexer.INFO: Starting indexing procedures [] []
[2019-04-26 07:52:27] ElasticSearchIndexer.DEBUG: Indexing is performed using JsonSerializerDocumentifier [] []
[2019-04-26 07:52:27] ElasticSearchIndexer.DEBUG: Reading lock file cache/ElasticSearchIndexer.lock [] []
[2019-04-26 07:52:27] ElasticSearchIndexer.DEBUG: Lock file not found [] []
[2019-04-26 07:52:27] ElasticSearchIndexer.DEBUG: A full indexing will be performed [] []
[2019-04-26 07:54:13] ElasticSearchIndexer.INFO: Starting indexing procedures [] []
[2019-04-26 07:54:13] ElasticSearchIndexer.DEBUG: Indexing is performed using JsonSerializerDocumentifier [] []
[2019-04-26 07:54:13] ElasticSearchIndexer.DEBUG: Reading lock file cache/ElasticSearchIndexer.lock [] []
[2019-04-26 07:54:13] ElasticSearchIndexer.DEBUG: Lock file not found [] []
[2019-04-26 07:54:13] ElasticSearchIndexer.DEBUG: A full indexing will be performed [] []
[2019-04-26 08:04:14] ElasticSearchIndexer.INFO: Starting indexing procedures [] []
[2019-04-26 08:04:14] ElasticSearchIndexer.DEBUG: Indexing is performed using JsonSerializerDocumentifier [] []
[2019-04-26 08:04:14] ElasticSearchIndexer.DEBUG: Reading lock file cache/ElasticSearchIndexer.lock [] []
[2019-04-26 08:04:14] ElasticSearchIndexer.DEBUG: Lock file not found [] []
[2019-04-26 08:04:14] ElasticSearchIndexer.DEBUG: A full indexing will be performed [] []
[2019-04-26 08:11:57] ElasticSearchIndexer.INFO: Starting indexing procedures [] []
[2019-04-26 08:11:57] ElasticSearchIndexer.DEBUG: Indexing is performed using JsonSerializerDocumentifier [] []
[2019-04-26 08:11:57] ElasticSearchIndexer.DEBUG: Reading lock file cache/ElasticSearchIndexer.lock [] []
[2019-04-26 08:11:57] ElasticSearchIndexer.DEBUG: Lock file not found [] []
[2019-04-26 08:11:57] ElasticSearchIndexer.DEBUG: A full indexing will be performed [] []
[2019-04-26 08:28:01] ElasticSearchIndexer.INFO: Starting indexing procedures [] []
[2019-04-26 08:28:01] ElasticSearchIndexer.DEBUG: Indexing is performed using JsonSerializerDocumentifier [] []
[2019-04-26 08:28:01] ElasticSearchIndexer.DEBUG: Reading lock file cache/ElasticSearchIndexer.lock [] []
[2019-04-26 08:28:01] ElasticSearchIndexer.DEBUG: Lock file not found [] []
[2019-04-26 08:28:01] ElasticSearchIndexer.DEBUG: A full indexing will be performed [] []
[2019-05-13 13:20:15] ElasticSearchIndexer.INFO: Starting indexing procedures [] []
[2019-05-13 13:20:15] ElasticSearchIndexer.DEBUG: Indexing is performed using JsonSerializerDocumentifier [] []
[2019-05-13 13:20:15] ElasticSearchIndexer.DEBUG: Reading lock file cache/ElasticSearchIndexer.lock [] []
[2019-05-13 13:20:15] ElasticSearchIndexer.DEBUG: Lock file not found [] []
[2019-05-13 13:20:15] ElasticSearchIndexer.DEBUG: A full indexing will be performed [] []
